0.9767142534255981
0.7071965336799622
0.9930378794670105
0.060286298394203186
0.8411485552787781
0.9682037234306335
0.03147318959236145
0.009060310199856758
0.01070359442383051
0.01070359442383051
0.9930378794670105
0.00747541431337595
0.011537956073880196
0.011537956073880196
0.9912892580032349
0.9550319314002991
0.006018299143761396
0.0935540720820427
0.07068252563476562
0.01070359442383051
0.006018299143761396
0.9732076525688171
0.011537956073880196
0.006018299143761396
0.5688015818595886
0.9836066961288452
0.7022307515144348
0.02648487500846386
0.2512335777282715
0.9895111918449402
0.9912892580032349
0.01070359442383051
0.2900579869747162
0.0162009559571743
0.006018299143761396
0.006018299143761396
0.05059555917978287
0.020431993529200554
0.25547096133232117
0.00747541431337595
0.9817478060722351
0.9908447861671448
0.01070359442383051
0.6585084199905396
0.9866641759872437
0.006018299143761396
0.025458404794335365
0.48091650009155273
0.5645714998245239
0.020417211577296257
0.006018299143761396
0.9848906397819519
0.006018299143761396
0.06275209039449692
0.03100343979895115
0.03100343979895115
0.01070359442383051
0.01070359442383051
0.16286538541316986
0.0073263635858893394
0.006018299143761396
0.04321850463747978
0.461567759513855
0.03273404389619827
0.011537956073880196
0.011537956073880196
0.011537956073880196
0.020431993529200554
0.01070359442383051
0.03100343979895115
